c:\users\mkharraz\desktop\dev\integration_cpp\integration_cpp\x64\debug\vc140.pdb
c:\users\mkharraz\desktop\dev\integration_cpp\integration_cpp\x64\debug\vc140.idb
c:\users\mkharraz\desktop\dev\integration_cpp\integration_cpp\x64\debug\fileinterfaceapi.obj
c:\users\mkharraz\desktop\dev\integration_cpp\integration_cpp\x64\debug\hacheur.obj
c:\users\mkharraz\desktop\dev\integration_cpp\integration_cpp\x64\debug\keychain.obj
c:\users\mkharraz\desktop\dev\integration_cpp\integration_cpp\x64\debug\mineur.obj
c:\users\mkharraz\desktop\dev\integration_cpp\integration_cpp\x64\debug\source.obj
c:\users\mkharraz\desktop\dev\integration_cpp\integration_cpp\x64\debug\uecc.obj
c:\users\mkharraz\desktop\dev\integration_cpp\integration_cpp\x64\debug\wallet.obj
c:\users\mkharraz\desktop\dev\integration_cpp\integration_cpp\x64\debug\main.obj
c:\users\mkharraz\desktop\dev\integration_cpp\x64\debug\integration_cpp.pdb
c:\users\mkharraz\desktop\dev\integration_cpp\integration_cpp\x64\debug\integration_cpp.tlog\cl.command.1.tlog
c:\users\mkharraz\desktop\dev\integration_cpp\integration_cpp\x64\debug\integration_cpp.tlog\cl.read.1.tlog
c:\users\mkharraz\desktop\dev\integration_cpp\integration_cpp\x64\debug\integration_cpp.tlog\cl.write.1.tlog
c:\users\mkharraz\desktop\dev\integration_cpp\integration_cpp\x64\debug\integration_cpp.tlog\link-cvtres.read.1.tlog
c:\users\mkharraz\desktop\dev\integration_cpp\integration_cpp\x64\debug\integration_cpp.tlog\link-cvtres.write.1.tlog
c:\users\mkharraz\desktop\dev\integration_cpp\integration_cpp\x64\debug\integration_cpp.tlog\link-rc.read.1.tlog
c:\users\mkharraz\desktop\dev\integration_cpp\integration_cpp\x64\debug\integration_cpp.tlog\link-rc.write.1.tlog
c:\users\mkharraz\desktop\dev\integration_cpp\integration_cpp\x64\debug\integration_cpp.tlog\link.command.1.tlog
c:\users\mkharraz\desktop\dev\integration_cpp\integration_cpp\x64\debug\integration_cpp.tlog\link.read.1.tlog
c:\users\mkharraz\desktop\dev\integration_cpp\integration_cpp\x64\debug\integration_cpp.tlog\link.write.1.tlog
